# JRE version: Java(TM) SE Runtime Environment (8.0_201-b09) (build 1.8.0_201-b09)
# Java VM: Java HotSpot(TM) 64-Bit Server VM (25.201-b09 mixed mode windows-amd64 compressed oops)
Heap:
 PSYoungGen      total 155136K, used 126428K [0x000000076b400000, 0x000000077b000000, 0x00000007c0000000)
  eden space 143872K, 80% used [0x000000076b400000,0x0000000772477398,0x0000000774080000)
  from space 11264K, 99% used [0x0000000774080000,0x0000000774b7fda0,0x0000000774b80000)
  to   space 14336K, 0% used [0x000000077a200000,0x000000077a200000,0x000000077b000000)
 ParOldGen       total 145408K, used 14967K [0x00000006c1c00000, 0x00000006caa00000, 0x000000076b400000)
  object space 145408K, 10% used [0x00000006c1c00000,0x00000006c2a9dd60,0x00000006caa00000)
 Metaspace       used 49548K, capacity 51742K, committed 51968K, reserved 1093632K
  class space    used 6516K, capacity 6909K, committed 6912K, reserved 1048576K
GC Heap History (10 events):
Event: 2.609 GC heap before
{Heap before GC invocations=5 (full 1):
 PSYoungGen      total 76288K, used 65536K [0x000000076b400000, 0x0000000774900000, 0x00000007c0000000)
  eden space 65536K, 100% used [0x000000076b400000,0x000000076f400000,0x000000076f400000)
  from space 10752K, 0% used [0x000000076f400000,0x000000076f400000,0x000000076fe80000)
  to   space 10752K, 0% used [0x0000000773e80000,0x0000000773e80000,0x0000000774900000)
 ParOldGen       total 105984K, used 7427K [0x00000006c1c00000, 0x00000006c8380000, 0x000000076b400000)
  object space 105984K, 7% used [0x00000006c1c00000,0x00000006c2340c78,0x00000006c8380000)
 Metaspace       used 25563K, capacity 26402K, committed 26624K, reserved 1073152K
  class space    used 3301K, capacity 3509K, committed 3584K, reserved 1048576K
Event: 2.617 GC heap after
Heap after GC invocations=5 (full 1):
 PSYoungGen      total 105472K, used 7374K [0x000000076b400000, 0x0000000774600000, 0x00000007c0000000)
  eden space 97792K, 0% used [0x000000076b400000,0x000000076b400000,0x0000000771380000)
  from space 7680K, 96% used [0x0000000773e80000,0x00000007745b3a48,0x0000000774600000)
  to   space 10752K, 0% used [0x0000000773100000,0x0000000773100000,0x0000000773b80000)
 ParOldGen       total 105984K, used 7435K [0x00000006c1c00000, 0x00000006c8380000, 0x000000076b400000)
  object space 105984K, 7% used [0x00000006c1c00000,0x00000006c2342c78,0x00000006c8380000)
 Metaspace       used 25563K, capacity 26402K, committed 26624K, reserved 1073152K
  class space    used 3301K, capacity 3509K, committed 3584K, reserved 1048576K
}
Event: 5.231 GC heap before
{Heap before GC invocations=6 (full 1):
 PSYoungGen      total 105472K, used 105166K [0x000000076b400000, 0x0000000774600000, 0x00000007c0000000)
  eden space 97792K, 100% used [0x000000076b400000,0x0000000771380000,0x0000000771380000)
  from space 7680K, 96% used [0x0000000773e80000,0x00000007745b3a48,0x0000000774600000)
  to   space 10752K, 0% used [0x0000000773100000,0x0000000773100000,0x0000000773b80000)
 ParOldGen       total 105984K, used 7435K [0x00000006c1c00000, 0x00000006c8380000, 0x000000076b400000)
  object space 105984K, 7% used [0x00000006c1c00000,0x00000006c2342c78,0x00000006c8380000)
 Metaspace       used 32949K, capacity 34530K, committed 34816K, reserved 1079296K
  class space    used 4240K, capacity 4541K, committed 4608K, reserved 1048576K
Event: 5.264 GC heap after
Heap after GC invocations=6 (full 1):
 PSYoungGen      total 138752K, used 10742K [0x000000076b400000, 0x0000000775680000, 0x00000007c0000000)
  eden space 128000K, 0% used [0x000000076b400000,0x000000076b400000,0x0000000773100000)
  from space 10752K, 99% used [0x0000000773100000,0x0000000773b7d860,0x0000000773b80000)
  to   space 11264K, 0% used [0x0000000774b80000,0x0000000774b80000,0x0000000775680000)
 ParOldGen       total 105984K, used 7890K [0x00000006c1c00000, 0x00000006c8380000, 0x000000076b400000)
  object space 105984K, 7% used [0x00000006c1c00000,0x00000006c23b4850,0x00000006c8380000)
 Metaspace       used 32949K, capacity 34530K, committed 34816K, reserved 1079296K
  class space    used 4240K, capacity 4541K, committed 4608K, reserved 1048576K
}
Event: 5.508 GC heap before
{Heap before GC invocations=7 (full 1):
 PSYoungGen      total 138752K, used 23655K [0x000000076b400000, 0x0000000775680000, 0x00000007c0000000)
  eden space 128000K, 10% used [0x000000076b400000,0x000000076c09c6d0,0x0000000773100000)
  from space 10752K, 99% used [0x0000000773100000,0x0000000773b7d860,0x0000000773b80000)
  to   space 11264K, 0% used [0x0000000774b80000,0x0000000774b80000,0x0000000775680000)
 ParOldGen       total 105984K, used 7890K [0x00000006c1c00000, 0x00000006c8380000, 0x000000076b400000)
  object space 105984K, 7% used [0x00000006c1c00000,0x00000006c23b4850,0x00000006c8380000)
 Metaspace       used 33759K, capacity 35328K, committed 35456K, reserved 1079296K
  class space    used 4355K, capacity 4656K, committed 4736K, reserved 1048576K
Event: 5.526 GC heap after
Heap after GC invocations=7 (full 1):
 PSYoungGen      total 155136K, used 6181K [0x000000076b400000, 0x0000000779480000, 0x00000007c0000000)
  eden space 143872K, 0% used [0x000000076b400000,0x000000076b400000,0x0000000774080000)
  from space 11264K, 54% used [0x0000000774b80000,0x0000000775189518,0x0000000775680000)
  to   space 11264K, 0% used [0x0000000774080000,0x0000000774080000,0x0000000774b80000)
 ParOldGen       total 105984K, used 7898K [0x00000006c1c00000, 0x00000006c8380000, 0x000000076b400000)
  object space 105984K, 7% used [0x00000006c1c00000,0x00000006c23b6850,0x00000006c8380000)
 Metaspace       used 33759K, capacity 35328K, committed 35456K, reserved 1079296K
  class space    used 4355K, capacity 4656K, committed 4736K, reserved 1048576K
}
Event: 5.526 GC heap before
{Heap before GC invocations=8 (full 2):
 PSYoungGen      total 155136K, used 6181K [0x000000076b400000, 0x0000000779480000, 0x00000007c0000000)
  eden space 143872K, 0% used [0x000000076b400000,0x000000076b400000,0x0000000774080000)
  from space 11264K, 54% used [0x0000000774b80000,0x0000000775189518,0x0000000775680000)
  to   space 11264K, 0% used [0x0000000774080000,0x0000000774080000,0x0000000774b80000)
 ParOldGen       total 105984K, used 7898K [0x00000006c1c00000, 0x00000006c8380000, 0x000000076b400000)
  object space 105984K, 7% used [0x00000006c1c00000,0x00000006c23b6850,0x00000006c8380000)
 Metaspace       used 33759K, capacity 35328K, committed 35456K, reserved 1079296K
  class space    used 4355K, capacity 4656K, committed 4736K, reserved 1048576K
Event: 5.578 GC heap after
Heap after GC invocations=8 (full 2):
 PSYoungGen      total 155136K, used 0K [0x000000076b400000, 0x0000000779480000, 0x00000007c0000000)
  eden space 143872K, 0% used [0x000000076b400000,0x000000076b400000,0x0000000774080000)
  from space 11264K, 0% used [0x0000000774b80000,0x0000000774b80000,0x0000000775680000)
  to   space 11264K, 0% used [0x0000000774080000,0x0000000774080000,0x0000000774b80000)
 ParOldGen       total 145408K, used 11229K [0x00000006c1c00000, 0x00000006caa00000, 0x000000076b400000)
  object space 145408K, 7% used [0x00000006c1c00000,0x00000006c26f74d8,0x00000006caa00000)
 Metaspace       used 33759K, capacity 35328K, committed 35456K, reserved 1079296K
  class space    used 4355K, capacity 4656K, committed 4736K, reserved 1048576K
}
Event: 8.556 GC heap before
{Heap before GC invocations=9 (full 2):
 PSYoungGen      total 155136K, used 143872K [0x000000076b400000, 0x0000000779480000, 0x00000007c0000000)
  eden space 143872K, 100% used [0x000000076b400000,0x0000000774080000,0x0000000774080000)
  from space 11264K, 0% used [0x0000000774b80000,0x0000000774b80000,0x0000000775680000)
  to   space 11264K, 0% used [0x0000000774080000,0x0000000774080000,0x0000000774b80000)
 ParOldGen       total 145408K, used 11229K [0x00000006c1c00000, 0x00000006caa00000, 0x000000076b400000)
  object space 145408K, 7% used [0x00000006c1c00000,0x00000006c26f74d8,0x00000006caa00000)
 Metaspace       used 45327K, capacity 47550K, committed 47616K, reserved 1091584K
  class space    used 5998K, capacity 6391K, committed 6400K, reserved 1048576K
Event: 8.576 GC heap after
Heap after GC invocations=9 (full 2):
 PSYoungGen      total 155136K, used 11263K [0x000000076b400000, 0x000000077b000000, 0x00000007c0000000)
  eden space 143872K, 0% used [0x000000076b400000,0x000000076b400000,0x0000000774080000)
  from space 11264K, 99% used [0x0000000774080000,0x0000000774b7fda0,0x0000000774b80000)
  to   space 14336K, 0% used [0x000000077a200000,0x000000077a200000,0x000000077b000000)
 ParOldGen       total 145408K, used 14967K [0x00000006c1c00000, 0x00000006caa00000, 0x000000076b400000)
  object space 145408K, 10% used [0x00000006c1c00000,0x00000006c2a9dd60,0x00000006caa00000)
 Metaspace       used 45327K, capacity 47550K, committed 47616K, reserved 1091584K
  class space    used 5998K, capacity 6391K, committed 6400K, reserved 1048576K
}

